[
  {
    "level": "INFO",
    "message": "android.ndkVersion from module build.gradle is not set"
  },
  {
    "level": "INFO",
    "message": "ndk.dir in local.properties is F:\\Sdk\\android-ndk-r20"
  },
  {
    "level": "INFO",
    "message": "ANDROID_NDK_HOME environment variable is not set"
  },
  {
    "level": "INFO",
    "message": "sdkFolder is F:\\Sdk"
  },
  {
    "level": "INFO",
    "message": "Considering F:\\Sdk\\android-ndk-r20 by ndk.dir"
  },
  {
    "level": "INFO",
    "message": "Considering F:\\Sdk\\ndk-bundle in SDK ndk-bundle folder"
  },
  {
    "level": "INFO",
    "message": "Considering F:\\Sdk\\ndk\\16.1.4479499 in SDK ndk folder"
  },
  {
    "level": "INFO",
    "message": "Considering F:\\Sdk\\ndk\\17.2.4988734 in SDK ndk folder"
  },
  {
    "level": "INFO",
    "message": "Considering F:\\Sdk\\ndk\\18.1.5063045 in SDK ndk folder"
  },
  {
    "level": "INFO",
    "message": "Considering F:\\Sdk\\ndk\\19.2.5345600 in SDK ndk folder"
  },
  {
    "level": "INFO",
    "message": "Considering F:\\Sdk\\ndk\\20.0.5594570 in SDK ndk folder"
  },
  {
    "level": "INFO",
    "message": "Rejected F:\\Sdk\\ndk\\19.2.5345600 in SDK ndk folder because that location has no source.properties"
  },
  {
    "level": "INFO",
    "message": "Found requested ndk.dir (F:\\Sdk\\android-ndk-r20) which has version 20.0.5594570"
  }
]